<?xml version="1.0" encoding="UTF-8"?>
<testsuite xmlns:xsi="http://www.w3.org/2001/XMLSchema-instance" xsi:noNamespaceSchemaLocation="https://maven.apache.org/surefire/maven-surefire-plugin/xsd/surefire-test-report-3.0.xsd" version="3.0" name="com.texteditor.SearchFunctionTest" time="0.373" tests="4" errors="0" skipped="0" failures="0">
  <properties>
[...]
</properties>
  <testcase name="testSearch_EmptyText" classname="com.texteditor.SearchFunctionTest" time="0.146"/>
  <testcase name="testSearch_CaseInsensitive" classname="com.texteditor.SearchFunctionTest" time="0.216"/>
  <testcase name="testSearch_Found" classname="com.texteditor.SearchFunctionTest" time="0.005"/>
  <testcase name="testSearch_NotFound" classname="com.texteditor.SearchFunctionTest" time="0.001"/>
</testsuite>